[    0.000000] Initializing cgroup subsys cpuset
[    0.000000] Initializing cgroup subsys cpu
[    0.000000] Initializing cgroup subsys cpuacct
[    0.000000] Linux version 4.4.0-137-generic (buildd@lgw01-amd64-012) (gcc version 5.4.0 20160609 (Ubuntu 5.4.0-6ubuntu1~16.04.10) ) #163-Ubuntu SMP Mon Sep 24 13:23:40 UTC 2018 (Ubuntu 4.4.0-137.163-generic 4.4.144)
[    0.000000] KERNEL supported cpus:
[    0.000000]   Intel GenuineIntel
[    0.000000]   AMD AuthenticAMD
[    0.000000]   NSC Geode by NSC
[    0.000000]   Cyrix CyrixInstead
[    0.000000]   Centaur CentaurHauls
[    0.000000]   Transmeta GenuineTMx86
[    0.000000]   Transmeta TransmetaCPU
[    0.000000]   UMC UMC UMC UMC
[    0.000000] x86/fpu: xstate_offset[2]:  576, xstate_sizes[2]:  256
[    0.000000] x86/fpu: Supporting XSAVE feature 0x01: 'x87 floating point registers'
[    0.000000] x86/fpu: Supporting XSAVE feature 0x02: 'SSE registers'
[    0.000000] x86/fpu: Supporting XSAVE feature 0x04: 'AVX registers'
[    0.000000] x86/fpu: Enabled xstate features 0x7, context size is 832 bytes, using 'standard' format.
[    0.000000] e820: BIOS-provided physical RAM map:
[    0.000000] BIOS-e820: [mem 0x0000000000000000-0x000000000009fbff] usable
[    0.000000] BIOS-e820: [mem 0x000000000009fc00-0x000000000009ffff] reserved
[    0.000000] BIOS-e820: [mem 0x00000000000f0000-0x00000000000fffff] reserved
[    0.000000] BIOS-e820: [mem 0x0000000000100000-0x000000003ffeffff] usable
[    0.000000] BIOS-e820: [mem 0x000000003fff0000-0x000000003fffffff] ACPI data
[    0.000000] BIOS-e820: [mem 0x00000000fec00000-0x00000000fec00fff] reserved
[    0.000000] BIOS-e820: [mem 0x00000000fee00000-0x00000000fee00fff] reserved
[    0.000000] BIOS-e820: [mem 0x00000000fffc0000-0x00000000ffffffff] reserved
[    0.000000] NX (Execute Disable) protection: active
[    0.000000] SMBIOS 2.5 present.
[    0.000000] Hypervisor detected: KVM
[    0.000000] e820: last_pfn = 0x3fff0 max_arch_pfn = 0x1000000
[    0.000000] MTRR: Disabled
[    0.000000] x86/PAT: MTRRs disabled, skipping PAT initialization too.
[    0.000000] CPU MTRRs all blank - virtualized system.
[    0.000000] x86/PAT: Configuration [0-7]: WB  WT  UC- UC  WB  WT  UC- UC  
[    0.000000] found SMP MP-table at [mem 0x0009fff0-0x0009ffff] mapped at [c009fff0]
[    0.000000] Scanning 1 areas for low memory corruption
[    0.000000] RAMDISK: [mem 0x3631c000-0x37185fff]
[    0.000000] ACPI: Early table checksum verification disabled
[    0.000000] ACPI: RSDP 0x00000000000E0000 000024 (v02 VBOX  )
[    0.000000] ACPI: XSDT 0x000000003FFF0030 00003C (v01 VBOX   VBOXXSDT 00000001 ASL  00000061)
[    0.000000] ACPI: FACP 0x000000003FFF00F0 0000F4 (v04 VBOX   VBOXFACP 00000001 ASL  00000061)
[    0.000000] ACPI: DSDT 0x000000003FFF0470 0021FF (v02 VBOX   VBOXBIOS 00000002 INTL 20100528)
[    0.000000] ACPI: FACS 0x000000003FFF0200 000040
[    0.000000] ACPI: FACS 0x000000003FFF0200 000040
[    0.000000] ACPI: APIC 0x000000003FFF0240 000054 (v02 VBOX   VBOXAPIC 00000001 ASL  00000061)
[    0.000000] ACPI: SSDT 0x000000003FFF02A0 0001CC (v01 VBOX   VBOXCPUT 00000002 INTL 20100528)
[    0.000000] 131MB HIGHMEM available.
[    0.000000] 891MB LOWMEM available.
[    0.000000]   mapped low ram: 0 - 37bfe000
[    0.000000]   low ram: 0 - 37bfe000
[    0.000000] kvm-clock: Using msrs 4b564d01 and 4b564d00
[    0.000000] kvm-clock: cpu 0, msr 0:37bfd001, primary cpu clock
[    0.000000] kvm-clock: using sched offset of 6348684201 cycles
[    0.000000] clocksource: kvm-clock: mask: 0xffffffffffffffff max_cycles: 0x1cd42e4dffb, max_idle_ns: 881590591483 ns
[    0.000000] Zone ranges:
[    0.000000]   DMA      [mem 0x0000000000001000-0x0000000000ffffff]
[    0.000000]   Normal   [mem 0x0000000001000000-0x0000000037bfdfff]
[    0.000000]   HighMem  [mem 0x0000000037bfe000-0x000000003ffeffff]
[    0.000000] Movable zone start for each node
[    0.000000] Early memory node ranges
[    0.000000]   node   0: [mem 0x0000000000001000-0x000000000009efff]
[    0.000000]   node   0: [mem 0x0000000000100000-0x000000003ffeffff]
[    0.000000] Initmem setup node 0 [mem 0x0000000000001000-0x000000003ffeffff]
[    0.000000] Using APIC driver default
[    0.000000] ACPI: PM-Timer IO Port: 0x4008
[    0.000000] IOAPIC[0]: apic_id 1, version 32, address 0xfec00000, GSI 0-23
[    0.000000] ACPI: INT_SRC_OVR (bus 0 bus_irq 0 global_irq 2 dfl dfl)
[    0.000000] ACPI: INT_SRC_OVR (bus 0 bus_irq 9 global_irq 9 low level)
[    0.000000] Using ACPI (MADT) for SMP configuration information
[    0.000000] smpboot: Allowing 1 CPUs, 0 hotplug CPUs
[    0.000000] PM: Registered nosave memory: [mem 0x00000000-0x00000fff]
[    0.000000] PM: Registered nosave memory: [mem 0x0009f000-0x0009ffff]
[    0.000000] PM: Registered nosave memory: [mem 0x000a0000-0x000effff]
[    0.000000] PM: Registered nosave memory: [mem 0x000f0000-0x000fffff]
[    0.000000] e820: [mem 0x40000000-0xfebfffff] available for PCI devices
[    0.000000] Booting paravirtualized kernel on KVM
[    0.000000] clocksource: refined-jiffies: mask: 0xffffffff max_cycles: 0xffffffff, max_idle_ns: 7645519600211568 ns
[    0.000000] setup_percpu: NR_CPUS:8 nr_cpumask_bits:8 nr_cpu_ids:1 nr_node_ids:1
[    0.000000] PERCPU: Embedded 19 pages/cpu @f71c3000 s47436 r0 d30388 u77824
[    0.000000] PV qspinlock hash table entries: 512 (order: 0, 4096 bytes)
[    0.000000] Built 1 zonelists in Zone order, mobility grouping on.  Total pages: 259800
[    0.000000] Kernel command line: BOOT_IMAGE=/boot/vmlinuz-4.4.0-137-generic root=LABEL=cloudimg-rootfs ro console=tty1 console=ttyS0
[    0.000000] PID hash table entries: 4096 (order: 2, 16384 bytes)
[    0.000000] Dentry cache hash table entries: 131072 (order: 7, 524288 bytes)
[    0.000000] Inode-cache hash table entries: 65536 (order: 6, 262144 bytes)
[    0.000000] Initializing CPU#0
[    0.000000] Initializing HighMem for node 0 (00037bfe:0003fff0)
[    0.000000] Initializing Movable for node 0 (00000000:00000000)
[    0.000000] Memory: 1008128K/1048120K available (8041K kernel code, 782K rwdata, 3180K rodata, 952K init, 800K bss, 39992K reserved, 0K cma-reserved, 135112K highmem)
[    0.000000] virtual kernel memory layout:
[    0.000000]     fixmap  : 0xfff15000 - 0xfffff000   ( 936 kB)
[    0.000000]     pkmap   : 0xffc00000 - 0xffe00000   (2048 kB)
[    0.000000]     vmalloc : 0xf83fe000 - 0xffbfe000   ( 120 MB)
[    0.000000]     lowmem  : 0xc0000000 - 0xf7bfe000   ( 891 MB)
[    0.000000]       .init : 0xc1bbc000 - 0xc1caa000   ( 952 kB)
[    0.000000]       .data : 0xc17da7a8 - 0xc1bbaa00   (3968 kB)
[    0.000000]       .text : 0xc1000000 - 0xc17da7a8   (8041 kB)
[    0.000000] Checking if this processor honours the WP bit even in supervisor mode...Ok.
[    0.000000] SLUB: HWalign=64, Order=0-3, MinObjects=0, CPUs=1, Nodes=1
[    0.000000] Hierarchical RCU implementation.
[    0.000000] 	Build-time adjustment of leaf fanout to 32.
[    0.000000] 	RCU restricting CPUs from NR_CPUS=8 to nr_cpu_ids=1.
[    0.000000] RCU: Adjusting geometry for rcu_fanout_leaf=32, nr_cpu_ids=1
[    0.000000] NR_IRQS:2304 nr_irqs:256 16
[    0.000000] Console: colour VGA+ 80x25
[    0.000000] console [tty1] enabled
[    0.000000] console [ttyS0] enabled
[    0.000000] allocated 1048576 bytes of page_ext
[    0.000000] tsc: Detected 2591.998 MHz processor
[    1.725139] Calibrating delay loop (skipped) preset value.. 5183.99 BogoMIPS (lpj=10367992)
[    1.751289] pid_max: default: 32768 minimum: 301
[    1.752355] ACPI: Core revision 20150930
[    1.873073] ACPI: 2 ACPI AML tables successfully acquired and loaded
[    1.955318] Security Framework initialized
[    1.958258] Yama: becoming mindful.
[    2.040959] AppArmor: AppArmor initialized
[    2.103144] Mount-cache hash table entries: 2048 (order: 1, 8192 bytes)
[    2.232726] Mountpoint-cache hash table entries: 2048 (order: 1, 8192 bytes)
[    2.266265] Initializing cgroup subsys io
[    2.274742] Initializing cgroup subsys memory
[    2.281336] Initializing cgroup subsys devices
[    2.284317] Initializing cgroup subsys freezer
[    2.297396] Initializing cgroup subsys net_cls
[    2.299680] Initializing cgroup subsys perf_event
[    2.300769] Initializing cgroup subsys net_prio
[    2.310821] Initializing cgroup subsys hugetlb
[    2.316024] Initializing cgroup subsys pids
[    2.320687] mce: CPU supports 0 MCE banks
[    2.326437] process: using mwait in idle threads
[    2.335405] Last level iTLB entries: 4KB 64, 2MB 8, 4MB 8
[    2.338449] Last level dTLB entries: 4KB 64, 2MB 0, 4MB 0, 1GB 4
[    2.341494] Spectre V2 : Mitigation: Full generic retpoline
[    2.344019] Spectre V2 : Spectre v2 mitigation: Speculation control IBPB not-supported IBRS not-supported
[    2.502753] Spectre V2 : Spectre v2 / SpectreRSB mitigation: Filling RSB on context switch
[    2.639550] Speculative Store Bypass: Vulnerable
[    2.711616] Freeing SMP alternatives memory: 32K
[    2.728257] ftrace: allocating 31539 entries in 62 pages
[    2.809702] smpboot: APIC(0) Converting physical 0 to logical package 0
[    2.831538] smpboot: Max logical packages: 1
[    2.879047] Enabling APIC mode:  Flat.  Using 1 I/O APICs
[    2.919229] ..TIMER: vector=0x30 apic1=0 pin1=2 apic2=-1 pin2=-1
[    3.059806] smpboot: CPU0: Intel(R) Core(TM) i7-6500U CPU @ 2.50GHz (family: 0x6, model: 0x4e, stepping: 0x3)
[    3.258636] Performance Events: unsupported p6 CPU model 78 no PMU driver, software events only.
[    3.342918] KVM setup paravirtual spinlock
[    3.363149] x86: Booted up 1 node, 1 CPUs
[    3.369441] smpboot: Total of 1 processors activated (5183.99 BogoMIPS)
[    3.383451] devtmpfs: initialized
[    3.392882] evm: security.selinux
[    3.395813] evm: security.SMACK64
[    3.397749] evm: security.SMACK64EXEC
[    3.403520] evm: security.SMACK64TRANSMUTE
[    3.407341] evm: security.SMACK64MMAP
[    3.450998] evm: security.ima
[    3.524129] evm: security.capability
[    3.580500] clocksource: jiffies: mask: 0xffffffff max_cycles: 0xffffffff, max_idle_ns: 7645041785100000 ns
[    3.768542] futex hash table entries: 256 (order: 2, 16384 bytes)
[    3.842484] pinctrl core: initialized pinctrl subsystem
[    3.952824] RTC time: 19:28:31, date: 01/04/19
[    3.957263] NET: Registered protocol family 16
[    4.038665] EISA bus registered
[    4.115612] cpuidle: using governor ladder
[    4.172807] cpuidle: using governor menu
[    4.250389] PCCT header not found.
[    4.302857] ACPI: bus type PCI registered
[    4.336582] acpiphp: ACPI Hot Plug PCI Controller Driver version: 0.5
[    4.353563] PCI : PCI BIOS area is rw and x. Use pci=nobios if you want it NX.
[    4.356968] PCI: PCI BIOS revision 2.10 entry at 0xfda26, last bus=0
[    4.424060] PCI: Using configuration type 1 for base access
[    4.431526] ACPI: Added _OSI(Module Device)
[    4.435922] ACPI: Added _OSI(Processor Device)
[    4.438588] ACPI: Added _OSI(3.0 _SCP Extensions)
[    4.443709] ACPI: Added _OSI(Processor Aggregator Device)
[    4.454492] ACPI: Executed 1 blocks of module-level executable AML code
[    4.477949] ACPI: Interpreter enabled
[    4.548099] ACPI: (supports S0 S5)
[    4.604856] ACPI: Using IOAPIC for interrupt routing
[    4.660494] PCI: Using host bridge windows from ACPI; if necessary, use "pci=nocrs" and report a bug
[    4.675986] ACPI: PCI Root Bridge [PCI0] (domain 0000 [bus 00-ff])
[    4.748188] acpi PNP0A03:00: _OSC: OS supports [ASPM ClockPM Segments MSI]
[    4.858495] acpi PNP0A03:00: _OSC: not requesting OS control; OS requires [ExtendedConfig ASPM ClockPM MSI]
[    4.952535] acpi PNP0A03:00: fail to add MMCONFIG information, can't access extended PCI configuration space under this bridge.
[    4.958679] PCI host bridge to bus 0000:00
[    4.964017] pci_bus 0000:00: root bus resource [io  0x0000-0x0cf7 window]
[    5.132696] pci_bus 0000:00: root bus resource [io  0x0d00-0xffff window]
[    5.301540] pci_bus 0000:00: root bus resource [mem 0x000a0000-0x000bffff window]
[    5.382713] pci_bus 0000:00: root bus resource [mem 0x40000000-0xfdffffff window]
[    5.489185] pci_bus 0000:00: root bus resource [bus 00-ff]
[    5.498835] pci 0000:00:01.1: legacy IDE quirk: reg 0x10: [io  0x01f0-0x01f7]
[    5.501764] pci 0000:00:01.1: legacy IDE quirk: reg 0x14: [io  0x03f6]
[    5.519615] pci 0000:00:01.1: legacy IDE quirk: reg 0x18: [io  0x0170-0x0177]
[    5.523091] pci 0000:00:01.1: legacy IDE quirk: reg 0x1c: [io  0x0376]
[    5.541512] pci 0000:00:07.0: quirk: [io  0x4000-0x403f] claimed by PIIX4 ACPI
[    5.631597] pci 0000:00:07.0: quirk: [io  0x4100-0x410f] claimed by PIIX4 SMB
[    5.764824] ACPI: PCI Interrupt Link [LNKA] (IRQs 5 9 10 *11)
[    5.772033] ACPI: PCI Interrupt Link [LNKB] (IRQs 5 9 *10 11)
[    5.782774] ACPI: PCI Interrupt Link [LNKC] (IRQs 5 *9 10 11)
[    5.791264] ACPI: PCI Interrupt Link [LNKD] (IRQs 5 9 10 *11)
[    5.813132] ACPI: Enabled 2 GPEs in block 00 to 07
[    5.827119] vgaarb: setting as boot device: PCI:0000:00:02.0
[    5.828608] vgaarb: device added: PCI:0000:00:02.0,decodes=io+mem,owns=io+mem,locks=none
[    5.831012] vgaarb: loaded
[    5.834922] vgaarb: bridge control possible 0000:00:02.0
[    5.852222] SCSI subsystem initialized
[    5.935924] ACPI: bus type USB registered
[    5.956876] usbcore: registered new interface driver usbfs
[    6.040545] usbcore: registered new interface driver hub
[    6.085129] usbcore: registered new device driver usb
[    6.115822] PCI: Using ACPI for IRQ routing
[    6.146261] NetLabel: Initializing
[    6.156804] NetLabel:  domain hash size = 128
[    6.180924] NetLabel:  protocols = UNLABELED CIPSOv4
[    6.186956] NetLabel:  unlabeled traffic allowed by default
[    6.228644] amd_nb: Cannot enumerate AMD northbridges
[    6.300442] clocksource: Switched to clocksource kvm-clock
[    6.397016] AppArmor: AppArmor Filesystem Enabled
[    6.455875] pnp: PnP ACPI init
[    6.459910] pnp: PnP ACPI: found 3 devices
[    6.464606] PnPBIOS: Disabled by ACPI PNP
[    6.582282] clocksource: acpi_pm: mask: 0xffffff max_cycles: 0xffffff, max_idle_ns: 2085701024 ns
[    6.591885] NET: Registered protocol family 2
[    6.633840] TCP established hash table entries: 8192 (order: 3, 32768 bytes)
[    6.710914] TCP bind hash table entries: 8192 (order: 4, 65536 bytes)
[    6.808204] TCP: Hash tables configured (established 8192 bind 8192)
[    6.882727] UDP hash table entries: 512 (order: 2, 16384 bytes)
[    6.886306] UDP-Lite hash table entries: 512 (order: 2, 16384 bytes)
[    6.902083] NET: Registered protocol family 1
[    6.904695] pci 0000:00:00.0: Limiting direct PCI/PCI transfers
[    6.908092] pci 0000:00:01.0: Activating ISA DMA hang workarounds
[    6.914095] Unpacking initramfs...
[    7.249964] Freeing initrd memory: 14760K
[    7.258494] platform rtc_cmos: registered platform RTC device (no PNP device found)
[    7.263509] Scanning for low memory corruption every 60 seconds
[    7.271539] audit: initializing netlink subsys (disabled)
[    7.277097] audit: type=2000 audit(1546630117.302:1): initialized
[    7.287065] Initialise system trusted keyring
[    7.290085] HugeTLB registered 2 MB page size, pre-allocated 0 pages
[    7.294886] zbud: loaded
[    7.301647] VFS: Disk quotas dquot_6.6.0
[    7.305225] VFS: Dquot-cache hash table entries: 1024 (order 0, 4096 bytes)
[    7.316897] squashfs: version 4.0 (2009/01/31) Phillip Lougher
[    7.320168] fuse init (API version 7.23)
[    7.323206] Key type big_key registered
[    7.324852] Allocating IMA MOK and blacklist keyrings.
[    7.332950] Key type asymmetric registered
[    7.335166] Asymmetric key parser 'x509' registered
[    7.341412] bounce: pool size: 64 pages
[    7.348634] Block layer SCSI generic (bsg) driver version 0.4 loaded (major 249)
[    7.353436] io scheduler noop registered
[    7.355537] io scheduler deadline registered (default)
[    7.356713] io scheduler cfq registered
[    7.359427] pci_hotplug: PCI Hot Plug PCI Core version: 0.5
[    7.360674] pciehp: PCI Express Hot Plug Controller Driver version: 0.4
[    7.363919] ACPI: AC Adapter [AC] (off-line)
[    7.370300] input: Power Button as /devices/LNXSYSTM:00/LNXPWRBN:00/input/input0
[    7.395156] ACPI: Power Button [PWRF]
[    7.399537] input: Sleep Button as /devices/LNXSYSTM:00/LNXSLPBN:00/input/input1
[    7.401245] ACPI: Sleep Button [SLPF]
[    7.405231] ACPI: Battery Slot [BAT0] (battery present)
[    7.408340] GHES: HEST is not enabled!
[    7.411132] isapnp: Scanning for PnP cards...
[    7.421828] Serial: 8250/16550 driver, 32 ports, IRQ sharing enabled
[    7.447109] 00:02: ttyS0 at I/O 0x3f8 (irq = 4, base_baud = 115200) is a 16550A
[    7.516082] Linux agpgart interface v0.103
[    7.744450] loop: module loaded
[    7.843192] scsi host0: ata_piix
[    7.907403] scsi host1: ata_piix
[    8.080451] isapnp: No Plug & Play device found
[    8.122197] ata1: PATA max UDMA/33 cmd 0x1f0 ctl 0x3f6 bmdma 0xd000 irq 14
[    8.196652] ata2: PATA max UDMA/33 cmd 0x170 ctl 0x376 bmdma 0xd008 irq 15
[    8.232060] libphy: Fixed MDIO Bus: probed
[    8.255906] tun: Universal TUN/TAP device driver, 1.6
[    8.342551] tun: (C) 1999-2004 Max Krasnyansky <maxk@qualcomm.com>
[    8.423262] tsc: Refined TSC clocksource calibration: 2592.017 MHz
[    8.544801] clocksource: tsc: mask: 0xffffffffffffffff max_cycles: 0x255cc6d0f0f, max_idle_ns: 440795255895 ns
[    8.688830] PPP generic driver version 2.4.2
[    8.694180] ehci_hcd: USB 2.0 'Enhanced' Host Controller (EHCI) Driver
[    8.709886] ehci-pci: EHCI PCI platform driver
[    8.713402] ehci-platform: EHCI generic platform driver
[    8.719989] ohci_hcd: USB 1.1 'Open' Host Controller (OHCI) Driver
[    8.721343] ohci-pci: OHCI PCI platform driver
[    8.725773] ohci-platform: OHCI generic platform driver
[    8.806321] uhci_hcd: USB Universal Host Controller Interface driver
[    8.830583] i8042: PNP: PS/2 Controller [PNP0303:PS2K,PNP0f03:PS2M] at 0x60,0x64 irq 1,12
[    8.836692] serio: i8042 KBD port at 0x60,0x64 irq 1
[    8.969334] serio: i8042 AUX port at 0x60,0x64 irq 12
[    9.081636] mousedev: PS/2 mouse device common for all mice
[    9.212661] input: AT Translated Set 2 keyboard as /devices/platform/i8042/serio0/input/input2
[    9.365241] rtc_cmos rtc_cmos: rtc core: registered rtc_cmos as rtc0
[    9.503268] rtc_cmos rtc_cmos: alarms up to one day, 114 bytes nvram
[    9.580441] i2c /dev entries driver
[    9.638853] device-mapper: uevent: version 1.0.3
[    9.681232] device-mapper: ioctl: 4.34.0-ioctl (2015-10-28) initialised: dm-devel@redhat.com
[    9.706281] platform eisa.0: Probing EISA bus 0
[    9.709684] platform eisa.0: EISA: Cannot allocate resource for mainboard
[    9.718610] platform eisa.0: Cannot allocate resource for EISA slot 1
[    9.729687] platform eisa.0: Cannot allocate resource for EISA slot 2
[    9.732480] platform eisa.0: Cannot allocate resource for EISA slot 3
[    9.743861] platform eisa.0: Cannot allocate resource for EISA slot 4
[    9.757093] platform eisa.0: Cannot allocate resource for EISA slot 5
[    9.772397] platform eisa.0: Cannot allocate resource for EISA slot 6
[    9.775380] platform eisa.0: Cannot allocate resource for EISA slot 7
[    9.778279] platform eisa.0: Cannot allocate resource for EISA slot 8
[    9.783054] platform eisa.0: EISA: Detected 0 cards
[    9.786650] cpufreq-nforce2: No nForce2 chipset.
[    9.798345] ledtrig-cpu: registered to indicate activity on CPUs
[    9.807015] NET: Registered protocol family 10
[    9.812368] NET: Registered protocol family 17
[    9.816913] Key type dns_resolver registered
[    9.828642] Using IPI No-Shortcut mode
[    9.834228] registered taskstats version 1
[    9.839298] Loading compiled-in X.509 certificates
[    9.845918] Loaded X.509 cert 'Build time autogenerated kernel key: 876c4c9a03a76d06edb67cce6a764c2371c2bba3'
[    9.859188] zswap: loaded using pool lzo/zbud
[    9.861217] Key type trusted registered
[    9.869301] Key type encrypted registered
[    9.871452] AppArmor: AppArmor sha1 policy hashing enabled
[    9.873971] ima: No TPM chip found, activating TPM-bypass!
[    9.879945] ima: Allocated hash algorithm: sha1
[    9.880811] evm: HMAC attrs: 0x1
[    9.889063]   Magic number: 3:211:495
[    9.892252] rtc_cmos rtc_cmos: setting system clock to 2019-01-04 19:28:37 UTC (1546630117)
[    9.895251] BIOS EDD facility v0.16 2004-Jun-25, 0 devices found
[    9.898092] EDD information not available.
[    9.899272] Freeing unused kernel memory: 952K
[    9.912590] Write protecting the kernel text: 8044k
[    9.922124] Write protecting the kernel read-only data: 3184k
[    9.953803] NX-protecting the kernel data: 6292k
Loading, please wait...
[    9.969094] random: udevadm: uninitialized urandom read (16 bytes read, 6 bits of entropy available)
starting version[    9.976318] random: systemd-udevd: uninitialized urandom read (16 bytes read, 6 bits of entropy available)
 229
[   10.041513] random: udevadm: uninitialized urandom read (16 bytes read, 6 bits of entropy available)
[   10.050210] random: udevadm: uninitialized urandom read (16 bytes read, 6 bits of entropy available)
[   10.056843] random: udevadm: uninitialized urandom read (16 bytes read, 6 bits of entropy available)
[   10.062023] random: udevadm: uninitialized urandom read (16 bytes read, 6 bits of entropy available)
[   10.078246] random: udevadm: uninitialized urandom read (16 bytes read, 6 bits of entropy available)
[   10.270908] random: systemd-udevd: uninitialized urandom read (16 bytes read, 6 bits of entropy available)
[   10.494484] random: udevadm: uninitialized urandom read (16 bytes read, 6 bits of entropy available)
[   10.697388] random: systemd-udevd: uninitialized urandom read (16 bytes read, 6 bits of entropy available)
[   10.912178] Fusion MPT base driver 3.04.20
[   10.997652] Copyright (c) 1999-2008 LSI Corporation
[   11.087321] e1000: Intel(R) PRO/1000 Network Driver - version 7.3.21-k8-NAPI
[   11.203231] e1000: Copyright (c) 1999-2006 Intel Corporation.
[   11.303153] Fusion MPT SPI Host driver 3.04.20
[   11.469512] input: ImExPS/2 Generic Explorer Mouse as /devices/platform/i8042/serio1/input/input4
[   11.896916] e1000 0000:00:03.0 eth0: (PCI:33MHz:32-bit) 02:e6:51:b1:60:b4
[   11.907276] e1000 0000:00:03.0 eth0: Intel(R) PRO/1000 Network Connection
[   11.916018] mptbase: ioc0: Initiating bringup
[   11.985153] ioc0: LSI53C1030 A0: Capabilities={Initiator}
[   12.277697] scsi host2: ioc0: LSI53C1030 A0, FwRev=00000000h, Ports=1, MaxQ=256, IRQ=20
[   12.571805] scsi 2:0:0:0: Direct-Access     VBOX     HARDDISK         1.0  PQ: 0 ANSI: 5
[   12.643439] scsi target2:0:0: Beginning Domain Validation
[   12.785755] scsi target2:0:0: Domain Validation skipping write tests
[   12.859934] scsi target2:0:0: Ending Domain Validation
[   12.990453] scsi target2:0:0: asynchronous
[   13.025447] scsi 2:0:1:0: Direct-Access     VBOX     HARDDISK         1.0  PQ: 0 ANSI: 5
[   13.308453] scsi target2:0:1: Beginning Domain Validation
[   13.370830] scsi target2:0:1: Domain Validation skipping write tests
[   13.502726] scsi target2:0:1: Ending Domain Validation
[   13.648263] e1000 0000:00:08.0 eth1: (PCI:33MHz:32-bit) 08:00:27:e7:1c:1d
[   13.777960] e1000 0000:00:08.0 eth1: Intel(R) PRO/1000 Network Connection
[   13.845111] scsi target2:0:1: asynchronous
[   13.865589] e1000 0000:00:08.0 enp0s8: renamed from eth1
[   13.948674] e1000 0000:00:03.0 enp0s3: renamed from eth0
[   14.027602] sd 2:0:0:0: Attached scsi generic sg0 type 0
[   14.035211] sd 2:0:0:0: [sda] 20971520 512-byte logical blocks: (10.7 GB/10.0 GiB)
[   14.054063] sd 2:0:1:0: [sdb] 20480 512-byte logical blocks: (10.5 MB/10.0 MiB)
[   14.057836] sd 2:0:1:0: Attached scsi generic sg1 type 0
[   14.061744] sd 2:0:1:0: [sdb] Write Protect is off
[   14.071404] sd 2:0:1:0: [sdb] Incomplete mode parameter data
[   14.095887] sd 2:0:1:0: [sdb] Assuming drive cache: write through
[   14.190970] sd 2:0:0:0: [sda] Write Protect is off
[   14.307412] sd 2:0:0:0: [sda] Incomplete mode parameter data
[   14.455295] sd 2:0:0:0: [sda] Assuming drive cache: write through
[   14.668484]  sda: sda1
[   14.698292] sd 2:0:1:0: [sdb] Attached SCSI disk
[   14.793331] sd 2:0:0:0: [sda] Attached SCSI disk
Begin: Loading e[   16.461361] md: linear personality registered for level -1
ssential drivers[   16.523675] md: multipath personality registered for level -4
 ... [   16.667483] md: raid0 personality registered for level 0
[   16.783170] md: raid1 personality registered for level 1
[   16.948816] raid6: mmxx1    gen()  6048 MB/s
[   17.076716] raid6: mmxx2    gen()  5985 MB/s
[   17.260528] raid6: sse1x1   gen()  4921 MB/s
[   17.340497] raid6: sse1x2   gen()  5680 MB/s
[   17.440782] raid6: sse2x1   gen() 10541 MB/s
[   17.532523] raid6: sse2x1   xor()  7444 MB/s
[   17.693005] raid6: sse2x2   gen() 13070 MB/s
[   17.852650] raid6: sse2x2   xor()  8531 MB/s
[   18.008800] raid6: avx2x1   gen() 19819 MB/s
[   18.164473] raid6: avx2x2   gen() 24163 MB/s
[   18.246941] raid6: using algorithm avx2x2 gen() 24163 MB/s
[   18.301734] raid6: using avx2x1 recovery algorithm
[   18.315447] xor: automatically using best checksumming function:
[   18.364515]    avx       : 21826.000 MB/sec
[   18.435579] async_tx: api initialized (async)
[   18.512460] md: raid6 personality registered for level 6
[   18.616720] md: raid5 personality registered for level 5
[   18.716313] md: raid4 personality registered for level 4
[   18.817944] md: raid10 personality registered for level 10
done.
Begin: Running /scripts/init-p[   18.931146] Btrfs loaded
remount ... done.
Begin: Mounting root file system ... Begin: Running /scripts/local-top ... done.
Begin: Running /scripts/local-premount ... Scanning for Btrfs filesystems
[   19.128600] EXT4-fs (sda1): INFO: recovery required on readonly filesystem
done.
Warning: [   19.277304] EXT4-fs (sda1): write access will be enabled during recovery
fsck not present, so skipping root file system
[   19.427769] random: nonblocking pool is initialized
[   19.603089] EXT4-fs (sda1): orphan cleanup on readonly fs
[   19.713136] EXT4-fs (sda1): 6 orphan inodes deleted
[   19.831198] EXT4-fs (sda1): recovery complete
[   19.866691] EXT4-fs (sda1): mounted filesystem with ordered data mode. Opts: (null)
done.
Begin: Running /scripts/local-bottom ... done.
Begin: Running /scripts/init-bottom ... done.
[   20.930171] systemd[1]: systemd 229 running in system mode. (+PAM +AUDIT +SELINUX +IMA +APPARMOR +SMACK +SYSVINIT +UTMP +LIBCRYPTSETUP +GCRYPT +GNUTLS +ACL +XZ -LZ4 +SECCOMP +BLKID +ELFUTILS +KMOD -IDN)
[   21.081268] systemd[1]: Detected virtualization oracle.
[   21.188864] systemd[1]: Detected architecture x86.

Welcome to [1mUbuntu 16.04.5 LTS[0m!

[   21.435686] systemd[1]: Set hostname to <kouosl>.
[   23.005080] systemd[1]: Set up automount Arbitrary Executable File Formats File System Automount Point.
[[0;32m  OK  [0m] Set up automount Arbitrary Executab...ats File System Automount Point.
[   23.097336] systemd[1]: Listening on Journal Socket.
[[0;32m  OK  [0m] Listening on Journal Socket.
[   23.211153] systemd[1]: Listening on Journal Socket (/dev/log).
[[0;32m  OK  [0m] Listening on Journal Socket (/dev/log).
[   23.366457] systemd[1]: Listening on LVM2 poll daemon socket.
[[0;32m  OK  [0m] Listening on LVM2 poll daemon socket.
[   23.529485] systemd[1]: Reached target System Time Synchronized.
[[0;32m  OK  [0m] Reached target System Time Synchronized.
[   23.742140] systemd[1]: Reached target Encrypted Volumes.
[[0;32m  OK  [0m] Reached target Encrypted Volumes.
[   23.792779] systemd[1]: Created slice User and Session Slice.
[[0;32m  OK  [0m] Created slice User and Session Slice.
[   23.852708] systemd[1]: Reached target Swap.
[[0;32m  OK  [0m] Reached target Swap.
[   23.933474] systemd[1]: Listening on Syslog Socket.
[[0;32m  OK  [0m] Listening on Syslog Socket.
[   24.069080] systemd[1]: Listening on Device-mapper event daemon FIFOs.
[[0;32m  OK  [0m] Listening on Device-mapper event daemon FIFOs.
[   24.189756] systemd[1]: Listening on Journal Audit Socket.
[[0;32m  OK  [0m] Listening on Journal Audit Socket.
[   24.361621] systemd[1]: Reached target User and Group Name Lookups.
[[0;32m  OK  [0m] Reached target User and Group Name Lookups.
[   24.542022] systemd[1]: Started Trigger resolvconf update for networkd DNS.
[[0;32m  OK  [0m] Started Trigger resolvconf update for networkd DNS.
[   24.674790] systemd[1]: Listening on /dev/initctl Compatibility Named Pipe.
[[0;32m  OK  [0m] Listening on /dev/initctl Compatibility Named Pipe.
[   24.864996] systemd[1]: Listening on udev Kernel Socket.
[[0;32m  OK  [0m] Listening on udev Kernel Socket.
[   24.871230] systemd[1]: Created slice System Slice.
[[0;32m  OK  [0m] Created slice System Slice.
[   24.912759] systemd[1]: Reached target Slices.
[[0;32m  OK  [0m] Reached target Slices.
[   24.961892] systemd[1]: Starting Uncomplicated firewall...
         Starting Uncomplicated firewall...
[   25.013433] systemd[1]: Starting Remount Root and Kernel File Systems...
         Starting Remount Root and Kernel File Systems...
[   25.129406] systemd[1]: Created slice system-serial\x2dgetty.slice.
[[0;32m  OK  [0m] Created slice[   25.298055] EXT4-fs (sda1): re-mounted. Opts: (null)
 system-serial\x2dgetty.slice.
[   25.489631] systemd[1]: Starting Set console keymap...
         Starting Set console keymap...
[   25.585166] systemd[1]: Starting Nameserver information manager...
         Starting Nameserver information manager...
[   25.793826] systemd[1]: Mounting POSIX Message Queue File System...
         Mounting POSIX Message Queue File System...
[   25.976928] systemd[1]: Starting Load Kernel Modules...
         Starting Load Kernel Modules...
[   26.112680] systemd[1]: Mounting Huge Pages File System...
         [   26.139278] Loading iSCSI transport class v2.0-870.
Mounting Huge Pages File System.[   26.222385] iscsi: registered transport (tcp)
..
[   26.333509] systemd[1]: Mounting Debug File System...
         Mounting Debug File System...
[   26.485391] iscsi: registered transport (iser)
[   26.570631] systemd[1]: Starting Create list of required static device nodes for the current kernel...
         Starting Create list of required st... nodes for the current kernel...
[   26.841442] systemd[1]: Started Forward Password Requests to Wall Directory Watch.
[[0;32m  OK  [0m] Started Forward Password Requests to Wall Directory Watch.
[   27.029760] systemd[1]: Starting Journal Service...
         Starting Journal Service...
[   27.052747] systemd[1]: Listening on udev Control Socket.
[[0;32m  OK  [0m] Listening on udev Control Socket.
[   27.109230] systemd[1]: Listening on LVM2 metadata daemon socket.
[[0;32m  OK  [0m] Listening on LVM2 metadata daemon socket.
[   27.229424] systemd[1]: Starting Monitoring of LVM2 mirrors, snapshots etc. using dmeventd or progress polling...
         Starting Monitoring of LVM2 mirrors... dmeventd or progress polling...
[   27.527263] systemd[1]: Mounted Huge Pages File System.
[[0;32m  OK  [0m] Mounted Huge Pages File System.
[   27.713958] systemd[1]: Mounted POSIX Message Queue File System.
[[0;32m  OK  [0m] Mounted POSIX Message Queue File System.
[   27.970001] systemd[1]: Mounted Debug File System.
[[0;32m  OK  [0m] Mounted Debug File System.
[   28.121273] systemd[1]: Started Journal Service.
[[0;32m  OK  [0m] Started Journal Service.
[[0;32m  OK  [0m] Started Uncomplicated firewall.
[[0;32m  OK  [0m] Started Remount Root and Kernel File Systems.
[[0;32m  OK  [0m] Started Set console keymap.
[[0;32m  OK  [0m] Started Load Kernel Modules.
[[0;32m  OK  [0m] Started Create list of required sta...ce nodes for the current kernel.
[[0;32m  OK  [0m] Started Nameserver information manager.
[[0;32m  OK  [0m] Started LVM2 metadata daemon.
         Starting Create Static Device Nodes in /dev...
         Starting Apply Kernel Variables...
         Mounting FUSE Control File System...
         Starting udev Coldplug all Devices...
         Starting Load/Save Random Seed...
         Starting Flush Journal to Persistent Storage...
[[0;32m  OK  [0m] Mounted FUSE Control File System.
[[0;32m  OK  [0m] Started Monitoring of LVM2 mirrors,...ng dmeventd or progress polling.
[[0;32m  OK  [0m] Started Create Static Device Nodes in /dev.
[[0;32m  OK  [0m] Started Apply Kernel Variables.
[[0;32m  OK  [0m] Started Load/Save Random Seed.
[[0;32m  OK  [0m] Started udev Coldplug all Devices.
         Starting udev Kernel Device Manager...
[[0;32m  OK  [0m] Started Flush Journal to Persistent Storage.
[[0;32m  OK  [0m] Started udev Kernel Device Manager.
[[0;32m  OK  [0m] Reached target Local File Systems (Pre).
[[0;32m  OK  [0m] Reached target Local File Systems.
         Starting LSB: AppArmor initialization...
         Starting Set console font and keymap...
         Starting Create Volatile Files and Directories...
         Starting Initial cloud-init job (pre-networking)...
         Starting Tell Plymouth To Write Out Runtime Data...
[[0;32m  OK  [0m] Started Dispatch Password Requests to Console Directory Watch.
[[0;32m  OK  [0m] Started Create Volatile Files and Directories.
[[0;32m  OK  [0m] Started Tell Plymouth To Write Out Runtime Data.
[[0;32m  OK  [0m] Started Set console font and keymap.
[[0;32m  OK  [0m] Found device /dev/ttyS0.
[[0;32m  OK  [0m] Listening on Load/Save RF Kill Switch Status /dev/rfkill Watch.
[[0;32m  OK  [0m] Created slice system-getty.slice.
         Starting Update UTMP about System Boot/Shutdown...
[[0;32m  OK  [0m] Started Update UTMP about System Boot/Shutdown.
[[0;32m  OK  [0m] Started LSB: AppArmor initialization.
[   30.083189] cloud-init[547]: Cloud-init v. 18.3-9-g2e62cb8a-0ubuntu1~16.04.2 running 'init-local' at Fri, 04 Jan 2019 19:29:02 +0000. Up 29.15 seconds.
[[0;32m  OK  [0m] Started Initial cloud-init job (pre-networking).
[[0;32m  OK  [0m] Reached target Network (Pre).
[[0;32m  OK  [0m] Started ifup for enp0s3.
         Starting Raise network interfaces...
[[0;32m  OK  [0m] Started ifup for enp0s8.
[[0;32m  OK  [0m] Started Raise network interfaces.
[[0;32m  OK  [0m] Reached target Network.
         Starting Initial cloud-init job (metadata service crawler)...
[   32.071490] cloud-init[1070]: Cloud-init v. 18.3-9-g2e62cb8a-0ubuntu1~16.04.2 running 'init' at Fri, 04 Jan 2019 19:29:04 +0000. Up 31.23 seconds.
[   32.273508] cloud-init[1070]: ci-info: ++++++++++++++++++++++++++++++++++++++Net device info+++++++++++++++++++++++++++++++++++++++
[   32.275059] cloud-init[1070]: ci-info: +--------+------+-----------------------------+---------------+--------+-------------------+
[   32.275642] cloud-init[1070]: ci-info: | Device |  Up  |           Address           |      Mask     | Scope  |     Hw-Address    |
[[0;32m  OK  [0m] Started Initial cloud-init job (metadata service crawler).
[   32.276442] cloud-init[1070]: ci-info: +--------+------+-----------------------------+---------------+--------+-------------------+
[   32.977487] cloud-init[1070]: ci-info: | enp0s3 | True |          10.0.2.15          | 255.255.255.0 | global | 02:e6:51:b1:60:b4 |
[   33.116042] cloud-init[1070]: ci-info: | enp0s3 | True |  fe80::e6:51ff:feb1:60b4/64 |       .       |  link  | 02:e6:51:b1:60:b4 |
[   33.277342] cloud-init[1070]: ci-info: | enp0s8 | True |        192.168.83.137       | 255.255.255.0 | global | 08:00:27:e7:1c:1d |
[   33.278609] cloud-init[1070]: ci-info: | enp0s8 | True | fe80::a00:27ff:fee7:1c1d/64 |       .       |  link  | 08:00:27:e7:1c:1d |
[   33.278827] cloud-init[1070]: ci-info: |   lo   | True |          127.0.0.1          |   255.0.0.0   |  host  |         .         |
[   33.279054] cloud-init[1070]: ci-info: |   lo   | True |           ::1/128           |       .       |  host  |         .         |
[   33.279352] cloud-init[1070]: ci-info: +--------+------+-----------------------------+---------------+--------+-------------------+
[   33.279561] cloud-init[1070]: ci-info: ++++++++++++++++++++++++++++Route IPv4 info++++++++++++++++++++++++++++
[   33.279767] cloud-init[1070]: ci-info: +-------+--------------+----------+---------------+-----------+-------+
[   33.279972] cloud-init[1070]: ci-info: | Route | Destination  | Gateway  |    Genmask    | Interface | Flags |
[[0;32m  OK  [0m] Reached target Network is Online.
         Starting iSCSI initiator daemon (iscsid)...
[[0;32m  OK  [0m] Reached target Cloud-config availability.
[[0;32m  OK  [0m] Reached target System Initialization.
         Starting Socket activation for snappy daemon.
[[0;32m  OK  [0m] Listening on D-Bus System Message Bus Socket.
         Starting LXD - unix socket.
[   33.280454] cloud-init[1070]: ci-info: +-------+--------------+----------+---------------+-----------+-------+
[   34.669051] cloud-init[1070]: ci-info: |   0   |   0.0.0.0    | 10.0.2.2 |    0.0.0.0    |   enp0s3  |   UG  |
[   34.744382] cloud-init[1070]: ci-info: |   1   |   10.0.2.0   | 0.0.0.0  | 255.255.255.0 |   enp0s3  |   U   |
[   34.861006] cloud-init[1070]: ci-info: |   2   | 192.168.83.0 | 0.0.0.0  | 255.255.255.0 |   enp0s8  |   U   |
[   34.938896] cloud-init[1070]: ci-info: +-------+--------------+----------+---------------+-----------+-------+
[[0;32m  OK  [0m] Started Daily apt download activities.
[[0;32m  OK  [0m] Started Daily apt upgrade and clean activities.
[   35.014740] cloud-init[1070]: ci-info: +++++++++++++++++++Route IPv6 info+++++++++++++++++++
[   35.119506] cloud-init[1070]: ci-info: +-------+-------------+---------+-----------+-------+
[[0;32m  OK  [0m] Started ACPI Events Check.
[[0;32m  OK  [0m] Reached target Paths.
[   35.210439] cloud-init[1070]: ci-info: | Route | Destination | Gateway | Interface | Flags |
[   35.296870] cloud-init[1070]: ci-info: +-------+-------------+---------+-----------+-------+
[[0;32m  OK  [0m] Listening on UUID daemon activation socket.
[   35.312498] cloud-init[1070]: ci-info: |   0   |  fe80::/64  |    ::   |   enp0s8  |   U   |
[   35.348295] cloud-init[1070]: ci-info: |   1   |  fe80::/64  |    ::   |   enp0s3  |   U   |
[   35.408355] cloud-init[1070]: ci-info: |   4   |   ff00::/8  |    ::   |   enp0s8  |   U   |
[   35.408626] cloud-init[1070]: ci-info: |   5   |   ff00::/8  |    ::   |   enp0s3  |   U   |
[   35.408676] cloud-init[1070]: ci-info: +-------+-------------+---------+-----------+-------+
[[0;32m  OK  [0m] Listening on ACPID Listen Socket.
[[0;32m  OK  [0m] Started Daily Cleanup of Temporary Directories.
[[0;32m  OK  [0m] Reached target Timers.
[[0;32m  OK  [0m] Listening on Socket activation for snappy daemon.
[[0;32m  OK  [0m] Listening on LXD - unix socket.
[[0;32m  OK  [0m] Started iSCSI initiator daemon (iscsid).
         Starting Login to default iSCSI targets...
[[0;32m  OK  [0m] Reached target Sockets.
[[0;32m  OK  [0m] Reached target Basic System.
[[0;32m  OK  [0m] Started Unattended Upgrades Shutdown.
[[0;32m  OK  [0m] Started FUSE filesystem for LXC.
         Starting LSB: MD monitoring daemon...
[[0;32m  OK  [0m] Started ACPI event daemon.
         Starting Login Service...
         Starting System Logging Service...
[[0;32m  OK  [0m] Started Regular background program processing daemon.
         Starting LXD - container startup/shutdown...
[[0;32m  OK  [0m] Started D-Bus System Message Bus.
         Starting Accounts Service...
         Starting /etc/rc.local Compatibility...
         Starting Virtualbox guest utils...
         Starting OpenBSD Secure Shell server...
         Starting LSB: Record successful boot for GRUB...
[[0;32m  OK  [0m] Started Deferred execution scheduler.
         Starting Snappy daemon...
[[0;32m  OK  [0m] Started System Logging Service.
[[0;32m  OK  [0m] Started /etc/rc.local Compatibility.
[[0;32m  OK  [0m] Started Login Service.
[[0;32m  OK  [0m] Started Login to default iSCSI targets.
[[0;32m  OK  [0m] Reached target Remote File Systems (Pre).
[[0;32m  OK  [0m] Reached target Remote File Systems.
         Starting LSB: automatic crash report generation...
         Starting Permit User Sessions...
         Starting LSB: Apache2 web server...
         Starting LSB: Set the CPU Frequency Scaling governor to "ondemand"...
         Starting LSB: Start and stop the mysql database server daemon...
         Starting LSB: daemon to balance interrupts for SMP systems...
[[0;32m  OK  [0m] Started LSB: Record successful boot for GRUB.
[[0;32m  OK  [0m] Started Permit User Sessions.
[[0;32m  OK  [0m] Started LSB: MD monitoring daemon.
[[0;32m  OK  [0m] Started LSB: Set the CPU Frequency Scaling governor to "ondemand".
         Starting Terminate Plymouth Boot Screen...
         Starting Hold until boot process finishes up...
[[0;32m  OK  [0m] Started Terminate Plymouth Boot Screen.
[[0;32m  OK  [0m] Started Hold until boot process finishes up.
         Starting Set console scheme...
[[0;32m  OK  [0m] Started Getty on tty1.
[[0;32m  OK  [0m] Started Serial Getty on ttyS0.
[[0;32m  OK  [0m] Reached target Login Prompts.
[[0;32m  OK  [0m] Started LSB: daemon to balance interrupts for SMP systems.
[[0;32m  OK  [0m] Started Set console scheme.
[[0;32m  OK  [0m] Started LSB: automatic crash report generation.
[[0;32m  OK  [0m] Started Virtualbox guest utils.
         Starting Authenticate and Authorize Users to Run Privileged Tasks...
[[0;32m  OK  [0m] Started OpenBSD Secure Shell server.
[[0;32m  OK  [0m] Started Authenticate and Authorize Users to Run Privileged Tasks.
[[0;32m  OK  [0m] Started Accounts Service.
[[0;32m  OK  [0m] Started LXD - container startup/shutdown.
[[0;32m  OK  [0m] Created slice User Slice of vagrant.
         Starting User Manager for UID 1000...
[[0;32m  OK  [0m] Started Session 1 of user vagrant.
[[0;32m  OK  [0m] Started Snappy daemon.
         Starting Wait until snapd is fully seeded...
[[0;32m  OK  [0m] Started User Manager for UID 1000.
[[0;32m  OK  [0m] Started Wait until snapd is fully seeded.
         Starting Apply the settings specified in cloud-config...
[   41.939684] cloud-init[1522]: Cloud-init v. 18.3-9-g2e62cb8a-0ubuntu1~16.04.2 running 'modules:config' at Fri, 04 Jan 2019 19:29:14 +0000. Up 41.54 seconds.
[[0;32m  OK  [0m] Started Apply the settings specified in cloud-config.

Ubuntu 16.04.5 LTS kouosl ttyS0

kouosl login: [   48.344134] cloud-init[1836]: Cloud-init v. 18.3-9-g2e62cb8a-0ubuntu1~16.04.2 running 'modules:final' at Fri, 04 Jan 2019 19:29:20 +0000. Up 47.43 seconds.
[   48.344533] cloud-init[1836]: Cloud-init v. 18.3-9-g2e62cb8a-0ubuntu1~16.04.2 finished at Fri, 04 Jan 2019 19:29:21 +0000. Datasource DataSourceNoCloud [seed=/dev/sdb][dsmode=net].  Up 48.30 seconds
